GROUP,PACKAGE,CLASS,INSTRUCTION_MISSED,INSTRUCTION_COVERED,BRANCH_MISSED,BRANCH_COVERED,LINE_MISSED,LINE_COVERED,COMPLEXITY_MISSED,COMPLEXITY_COVERED,METHOD_MISSED,METHOD_COVERED
OOPExcercises,default,Board,1,264,0,24,1,58,0,27,0,15
OOPExcercises,default,InputListener,108,10,20,0,26,4,15,1,5,1
OOPExcercises,default,StartListener,62,6,7,0,18,3,5,1,1,1
OOPExcercises,default,Tile,0,244,0,2,0,38,0,18,0,17
OOPExcercises,default,GUI,63,141,4,0,13,34,5,4,3,4
OOPExcercises,default,RandomNumber,7,9,0,0,2,2,1,2,1,2
OOPExcercises,default,Main,10,0,0,0,4,0,2,0,2,0
