GROUP,PACKAGE,CLASS,INSTRUCTION_MISSED,INSTRUCTION_COVERED,BRANCH_MISSED,BRANCH_COVERED,LINE_MISSED,LINE_COVERED,COMPLEXITY_MISSED,COMPLEXITY_COVERED,METHOD_MISSED,METHOD_COVERED
OOPExcercises,default,Board,66,205,6,18,16,43,10,17,6,9
OOPExcercises,default,InputListener,108,10,20,0,27,4,15,1,5,1
OOPExcercises,default,StartListener,68,0,7,0,21,0,6,0,2,0
OOPExcercises,default,Tile,25,219,0,2,11,27,7,11,7,10
OOPExcercises,default,GUI,317,0,20,0,73,0,18,0,8,0
OOPExcercises,default,Main,107,0,8,0,36,0,8,0,4,0
